<?xml version="1.0" encoding="UTF-8"?>
<testsuite name="LibraryTest" tests="1" skipped="0" failures="0" errors="0" timestamp="2016-10-27T12:21:01" hostname="01hw824061" time="0.0010">
  <properties/>
  <testcase name="testSomeLibraryMethod" classname="LibraryTest" time="0.0010"/>
  <system-out><![CDATA[]]></system-out>
  <system-err><![CDATA[]]></system-err>
</testsuite>
